<?xml version="1.0" encoding="UTF-8"?>
<!-- Generated by org.testng.reporters.JUnitReportReporter -->
<testsuite skipped="0" hostname="LAPTOP-81HH7J4H" name="Shreyansh.Project1.TC001_GET_Request" tests="1" failures="0" timestamp="3 Apr 2021 07:14:55 GMT" time="4.190" errors="0">
  <testcase name="getwhetherdetails" time="4.190" classname="Shreyansh.Project1.TC001_GET_Request"/>
</testsuite> <!-- Shreyansh.Project1.TC001_GET_Request -->
