<?xml version="1.0" encoding="UTF-8"?>
<!-- Generated by org.testng.reporters.JUnitReportReporter -->
<testsuite hostname="LAPTOP-81HH7J4H" name="workingwithwebtables" tests="2" failures="0" timestamp="11 Feb 2021 18:32:42 GMT" time="21.986" errors="0">
  <testcase name="data" time="21.596" classname="workingwithwebtables"/>
  <testcase name="count" time="0.390" classname="workingwithwebtables"/>
</testsuite> <!-- workingwithwebtables -->
