<?xml version="1.0" encoding="UTF-8"?>
<!-- Generated by org.testng.reporters.JUnitReportReporter -->
<testsuite skipped="0" hostname="LAPTOP-81HH7J4H" name="workingwithrepository" tests="2" failures="0" timestamp="2 Mar 2021 09:36:20 GMT" time="17.793" errors="0">
  <testcase name="login" time="14.116" classname="workingwithrepository"/>
  <testcase name="logout" time="3.677" classname="workingwithrepository"/>
</testsuite> <!-- workingwithrepository -->
