<?xml version="1.0" encoding="UTF-8"?>
<!-- Generated by org.testng.reporters.JUnitReportReporter -->
<testsuite hostname="LAPTOP-81HH7J4H" name="entiretable" tests="1" failures="0" timestamp="13 Feb 2021 13:40:46 GMT" time="4.653" errors="0">
  <testcase name="table" time="4.653" classname="entiretable"/>
</testsuite> <!-- entiretable -->
