<?xml version="1.0" encoding="UTF-8"?>
<!-- Generated by org.testng.reporters.JUnitReportReporter -->
<testsuite skipped="0" hostname="LAPTOP-81HH7J4H" name="JavaScriptExecutor.jse5" tests="1" failures="0" timestamp="26 Feb 2021 14:09:42 GMT" time="0.055" errors="0">
  <testcase name="element" time="0.055" classname="JavaScriptExecutor.jse5"/>
</testsuite> <!-- JavaScriptExecutor.jse5 -->
