<?xml version="1.0" encoding="UTF-8"?>
<!-- Generated by org.testng.reporters.JUnitReportReporter -->
<testsuite skipped="0" hostname="LAPTOP-81HH7J4H" name="log4j" tests="2" failures="0" timestamp="2 Mar 2021 13:38:35 GMT" time="13.101" errors="0">
  <testcase name="login" time="9.321" classname="log4j"/>
  <testcase name="logout" time="3.780" classname="log4j"/>
</testsuite> <!-- log4j -->
