<?xml version="1.0" encoding="UTF-8"?>
<!-- Generated by org.testng.reporters.JUnitReportReporter -->
<testsuite skipped="0" hostname="LAPTOP-81HH7J4H" name="JavaScriptExecutor.jse4" tests="1" failures="0" timestamp="26 Feb 2021 13:56:59 GMT" time="0.092" errors="0">
  <testcase name="totalscroll" time="0.092" classname="JavaScriptExecutor.jse4"/>
</testsuite> <!-- JavaScriptExecutor.jse4 -->
