<?xml version="1.0" encoding="UTF-8"?>
<!-- Generated by org.testng.reporters.JUnitReportReporter -->
<testsuite skipped="0" hostname="LAPTOP-81HH7J4H" name="Frameworks.keyworddriverscript" tests="1" failures="0" timestamp="20 Mar 2021 13:22:08 GMT" time="27.820" errors="0">
  <testcase name="data" time="27.820" classname="Frameworks.keyworddriverscript"/>
</testsuite> <!-- Frameworks.keyworddriverscript -->
