<?xml version="1.0" encoding="UTF-8"?>
<!-- Generated by org.testng.reporters.JUnitReportReporter -->
<testsuite skipped="0" hostname="LAPTOP-81HH7J4H" name="JavaScriptExecutor.jsetc2" tests="1" failures="0" timestamp="25 Feb 2021 14:08:10 GMT" time="0.031" errors="0">
  <testcase name="title" time="0.031" classname="JavaScriptExecutor.jsetc2"/>
</testsuite> <!-- JavaScriptExecutor.jsetc2 -->
