<?xml version="1.0" encoding="UTF-8"?>
<!-- Generated by org.testng.reporters.JUnitReportReporter -->
<testsuite hostname="LAPTOP-81HH7J4H" name="aui12" tests="1" failures="0" timestamp="17 Feb 2021 07:14:41 GMT" time="3.329" errors="0">
  <testcase name="rightclick" time="3.329" classname="aui12"/>
</testsuite> <!-- aui12 -->
