<?xml version="1.0" encoding="UTF-8"?>
<!-- Generated by org.testng.reporters.JUnitReportReporter -->
<testsuite skipped="0" hostname="LAPTOP-81HH7J4H" name="firsttestngprogramme" tests="5" failures="0" timestamp="2 Mar 2021 09:31:09 GMT" time="0.014" errors="0">
  <testcase name="Logout" time="0.001" classname="firsttestngprogramme"/>
  <testcase name="Navigate" time="0.010" classname="firsttestngprogramme"/>
  <testcase name="DailyReports" time="0.000" classname="firsttestngprogramme"/>
  <testcase name="Register" time="0.003" classname="firsttestngprogramme"/>
  <testcase name="Login" time="0.000" classname="firsttestngprogramme"/>
</testsuite> <!-- firsttestngprogramme -->
