<?xml version="1.0" encoding="UTF-8"?>
<!-- Generated by org.testng.reporters.JUnitReportReporter -->
<testsuite hostname="LAPTOP-81HH7J4H" name="workingwithframes" tests="2" failures="0" timestamp="14 Feb 2021 06:35:31 GMT" time="0.648" errors="0">
  <testcase name="clicklink" time="0.428" classname="workingwithframes"/>
  <testcase name="manyframes" time="0.220" classname="workingwithframes"/>
</testsuite> <!-- workingwithframes -->
