<?xml version="1.0" encoding="UTF-8"?>
<!-- Generated by org.testng.reporters.JUnitReportReporter -->
<testsuite hostname="LAPTOP-81HH7J4H" name="bootstapwindow" tests="1" failures="0" timestamp="17 Feb 2021 07:13:35 GMT" time="3.648" errors="0">
  <testcase name="login" time="3.648" classname="bootstapwindow"/>
</testsuite> <!-- bootstapwindow -->
