<?xml version="1.0" encoding="UTF-8"?>
<!-- Generated by org.testng.reporters.JUnitReportReporter -->
<testsuite skipped="0" hostname="LAPTOP-81HH7J4H" name="autoit1" tests="1" failures="0" timestamp="25 Feb 2021 13:25:25 GMT" time="9.529" errors="0">
  <testcase name="autoit" time="9.529" classname="autoit1"/>
</testsuite> <!-- autoit1 -->
