<?xml version="1.0" encoding="UTF-8"?>
<!-- Generated by org.testng.reporters.JUnitReportReporter -->
<testsuite skipped="0" hostname="LAPTOP-81HH7J4H" name="ApachePOI.webdriverwithapachepoi2" tests="1" failures="0" timestamp="9 Mar 2021 12:43:47 GMT" time="6.277" errors="0">
  <testcase name="data" time="6.277" classname="ApachePOI.webdriverwithapachepoi2"/>
</testsuite> <!-- ApachePOI.webdriverwithapachepoi2 -->
