<?xml version="1.0" encoding="UTF-8"?>
<!-- Generated by org.testng.reporters.JUnitReportReporter -->
<testsuite skipped="0" hostname="LAPTOP-81HH7J4H" name="JavaScriptExecutor.jse6" tests="1" failures="0" timestamp="26 Feb 2021 14:22:24 GMT" time="7.334" errors="0">
  <testcase name="operations" time="7.334" classname="JavaScriptExecutor.jse6"/>
</testsuite> <!-- JavaScriptExecutor.jse6 -->
