<?xml version="1.0" encoding="UTF-8"?>
<!-- Generated by org.testng.reporters.JUnitReportReporter -->
<testsuite hostname="LAPTOP-81HH7J4H" name="slider" tests="1" failures="0" timestamp="18 Feb 2021 10:24:15 GMT" time="6.724" errors="0">
  <testcase name="slider" time="6.724" classname="slider"/>
</testsuite> <!-- slider -->
