<?xml version="1.0" encoding="UTF-8"?>
<!-- Generated by org.testng.reporters.JUnitReportReporter -->
<testsuite hostname="LAPTOP-81HH7J4H" name="doubleclick" tests="1" failures="0" timestamp="18 Feb 2021 10:23:24 GMT" time="5.916" errors="0">
  <testcase name="google" time="5.916" classname="doubleclick"/>
</testsuite> <!-- doubleclick -->
