<?xml version="1.0" encoding="UTF-8"?>
<!-- Generated by org.testng.reporters.JUnitReportReporter -->
<testsuite hostname="LAPTOP-81HH7J4H" name="tc3tc4" tests="2" failures="0" timestamp="13 Feb 2021 07:12:13 GMT" time="2.685" errors="0">
  <testcase name="name" time="0.172" classname="tc3tc4"/>
  <testcase name="rowdata" time="2.513" classname="tc3tc4"/>
</testsuite> <!-- tc3tc4 -->
