<?xml version="1.0" encoding="UTF-8"?>
<!-- Generated by org.testng.reporters.JUnitReportReporter -->
<testsuite hostname="LAPTOP-81HH7J4H" name="aui2" tests="1" failures="0" timestamp="17 Feb 2021 07:19:38 GMT" time="3.366" errors="0">
  <testcase name="movetoelement" time="3.366" classname="aui2"/>
</testsuite> <!-- aui2 -->
