<?xml version="1.0" encoding="UTF-8"?>
<!-- Generated by org.testng.reporters.JUnitReportReporter -->
<testsuite hostname="LAPTOP-81HH7J4H" name="webdrivertestng" tests="2" failures="0" timestamp="11 Feb 2021 18:05:59 GMT" time="13.474" errors="0">
  <testcase name="logout" time="4.499" classname="webdrivertestng"/>
  <testcase name="Login" time="8.975" classname="webdrivertestng"/>
</testsuite> <!-- webdrivertestng -->
