<?xml version="1.0" encoding="UTF-8"?>
<!-- Generated by org.testng.reporters.JUnitReportReporter -->
<testsuite hostname="LAPTOP-81HH7J4H" name="practise" tests="1" failures="0" timestamp="14 Feb 2021 06:47:21 GMT" time="0.642" errors="0">
  <testcase name="manyframes" time="0.642" classname="practise"/>
</testsuite> <!-- practise -->
