<?xml version="1.0" encoding="UTF-8"?>
<!-- Generated by org.testng.reporters.JUnitReportReporter -->
<testsuite skipped="0" hostname="LAPTOP-81HH7J4H" name="ApachePOI.practise" tests="2" failures="0" timestamp="10 Mar 2021 13:53:08 GMT" time="15.882" errors="0">
  <testcase name="data" time="8.984" classname="ApachePOI.practise"/>
  <testcase name="logout" time="6.898" classname="ApachePOI.practise"/>
</testsuite> <!-- ApachePOI.practise -->
