<?xml version="1.0" encoding="UTF-8"?>
<!-- Generated by org.testng.reporters.JUnitReportReporter -->
<testsuite skipped="0" hostname="LAPTOP-81HH7J4H" name="ApachePOI.webdriverwithapachepoi" tests="1" failures="0" timestamp="6 Mar 2021 10:13:23 GMT" time="2.787" errors="0">
  <testcase name="data" time="2.787" classname="ApachePOI.webdriverwithapachepoi"/>
</testsuite> <!-- ApachePOI.webdriverwithapachepoi -->
