<?xml version="1.0" encoding="UTF-8"?>
<!-- Generated by org.testng.reporters.JUnitReportReporter -->
<testsuite hostname="LAPTOP-81HH7J4H" name="draganddrop" tests="1" failures="0" timestamp="18 Feb 2021 10:24:40 GMT" time="0.732" errors="0">
  <testcase name="draganddrop" time="0.732" classname="draganddrop"/>
</testsuite> <!-- draganddrop -->
