<?xml version="1.0" encoding="UTF-8"?>
<!-- Generated by org.testng.reporters.JUnitReportReporter -->
<testsuite hostname="LAPTOP-81HH7J4H" name="alerts" tests="1" failures="0" timestamp="16 Feb 2021 06:50:13 GMT" time="3.274" errors="0">
  <testcase name="okbutton" time="3.274" classname="alerts"/>
</testsuite> <!-- alerts -->
