<?xml version="1.0" encoding="UTF-8"?>
<!-- Generated by org.testng.reporters.JUnitReportReporter -->
<testsuite skipped="0" hostname="LAPTOP-81HH7J4H" name="JavaScriptExecutor.jse3" tests="1" failures="0" timestamp="26 Feb 2021 13:22:04 GMT" time="0.051" errors="0">
  <testcase name="halfscroll" time="0.051" classname="JavaScriptExecutor.jse3"/>
</testsuite> <!-- JavaScriptExecutor.jse3 -->
