<?xml version="1.0" encoding="UTF-8"?>
<!-- Generated by org.testng.reporters.JUnitReportReporter -->
<testsuite skipped="0" hostname="LAPTOP-81HH7J4H" name="ApachePOI.datadrivenFramework" tests="1" failures="0" timestamp="12 Mar 2021 06:32:03 GMT" time="86.050" errors="0">
  <testcase name="datadriven" time="86.050" classname="ApachePOI.datadrivenFramework"/>
</testsuite> <!-- ApachePOI.datadrivenFramework -->
